This is pdfTeX, Version 3.14159265-2.6-1.40.18 (MiKTeX 2.9.6600 64-bit) (preloaded format=pdflatex 2018.3.22)  23 MAY 2018 19:10
entering extended mode
**"./Relatorio Beta.tex"
("Relatorio Beta.tex"
LaTeX2e <2017-04-15>
Babel <3.17> and hyphenation patterns for 75 language(s) loaded.
("C:\Users\Rita\AppData\Local\Programs\MiKTeX 2.9\tex\latex\base\report.cls"
Document Class: report 2014/09/29 v1.4h Standard LaTeX document class
("C:\Users\Rita\AppData\Local\Programs\MiKTeX 2.9\tex\latex\base\size11.clo"
File: size11.clo 2014/09/29 v1.4h Standard LaTeX file (size option)
)
\c@part=\count79
\c@chapter=\count80
\c@section=\count81
\c@subsection=\count82
\c@subsubsection=\count83
\c@paragraph=\count84
\c@subparagraph=\count85
\c@figure=\count86
\c@table=\count87
\abovecaptionskip=\skip41
\belowcaptionskip=\skip42
\bibindent=\dimen102
)
LaTeX Font Info:    Try loading font information for T1+ptm on input line 7.

("C:\Users\Rita\AppData\Local\Programs\MiKTeX 2.9\tex\latex\psnfss\t1ptm.fd"
File: t1ptm.fd 2001/06/04 font definitions for T1/ptm.
)
("C:\Users\Rita\AppData\Local\Programs\MiKTeX 2.9\tex\latex\base\inputenc.sty"
Package: inputenc 2015/03/17 v1.2c Input encoding file
\inpenc@prehook=\toks14
\inpenc@posthook=\toks15

("C:\Users\Rita\AppData\Local\Programs\MiKTeX 2.9\tex\latex\base\utf8.def"
File: utf8.def 2017/01/28 v1.1t UTF-8 support for inputenc
Now handling font encoding OML ...
... no UTF-8 mapping file for font encoding OML
Now handling font encoding T1 ...
... processing UTF-8 mapping file for font encoding T1

("C:\Users\Rita\AppData\Local\Programs\MiKTeX 2.9\tex\latex\base\t1enc.dfu"
File: t1enc.dfu 2017/01/28 v1.1t UTF-8 support for inputenc
   defining Unicode char U+00A0 (decimal 160)
   defining Unicode char U+00A1 (decimal 161)
   defining Unicode char U+00A3 (decimal 163)
   defining Unicode char U+00AB (decimal 171)
   defining Unicode char U+00AD (decimal 173)
   defining Unicode char U+00BB (decimal 187)
   defining Unicode char U+00BF (decimal 191)
   defining Unicode char U+00C0 (decimal 192)
   defining Unicode char U+00C1 (decimal 193)
   defining Unicode char U+00C2 (decimal 194)
   defining Unicode char U+00C3 (decimal 195)
   defining Unicode char U+00C4 (decimal 196)
   defining Unicode char U+00C5 (decimal 197)
   defining Unicode char U+00C6 (decimal 198)
   defining Unicode char U+00C7 (decimal 199)
   defining Unicode char U+00C8 (decimal 200)
   defining Unicode char U+00C9 (decimal 201)
   defining Unicode char U+00CA (decimal 202)
   defining Unicode char U+00CB (decimal 203)
   defining Unicode char U+00CC (decimal 204)
   defining Unicode char U+00CD (decimal 205)
   defining Unicode char U+00CE (decimal 206)
   defining Unicode char U+00CF (decimal 207)
   defining Unicode char U+00D0 (decimal 208)
   defining Unicode char U+00D1 (decimal 209)
   defining Unicode char U+00D2 (decimal 210)
   defining Unicode char U+00D3 (decimal 211)
   defining Unicode char U+00D4 (decimal 212)
   defining Unicode char U+00D5 (decimal 213)
   defining Unicode char U+00D6 (decimal 214)
   defining Unicode char U+00D8 (decimal 216)
   defining Unicode char U+00D9 (decimal 217)
   defining Unicode char U+00DA (decimal 218)
   defining Unicode char U+00DB (decimal 219)
   defining Unicode char U+00DC (decimal 220)
   defining Unicode char U+00DD (decimal 221)
   defining Unicode char U+00DE (decimal 222)
   defining Unicode char U+00DF (decimal 223)
   defining Unicode char U+00E0 (decimal 224)
   defining Unicode char U+00E1 (decimal 225)
   defining Unicode char U+00E2 (decimal 226)
   defining Unicode char U+00E3 (decimal 227)
   defining Unicode char U+00E4 (decimal 228)
   defining Unicode char U+00E5 (decimal 229)
   defining Unicode char U+00E6 (decimal 230)
   defining Unicode char U+00E7 (decimal 231)
   defining Unicode char U+00E8 (decimal 232)
   defining Unicode char U+00E9 (decimal 233)
   defining Unicode char U+00EA (decimal 234)
   defining Unicode char U+00EB (decimal 235)
   defining Unicode char U+00EC (decimal 236)
   defining Unicode char U+00ED (decimal 237)
   defining Unicode char U+00EE (decimal 238)
   defining Unicode char U+00EF (decimal 239)
   defining Unicode char U+00F0 (decimal 240)
   defining Unicode char U+00F1 (decimal 241)
   defining Unicode char U+00F2 (decimal 242)
   defining Unicode char U+00F3 (decimal 243)
   defining Unicode char U+00F4 (decimal 244)
   defining Unicode char U+00F5 (decimal 245)
   defining Unicode char U+00F6 (decimal 246)
   defining Unicode char U+00F8 (decimal 248)
   defining Unicode char U+00F9 (decimal 249)
   defining Unicode char U+00FA (decimal 250)
   defining Unicode char U+00FB (decimal 251)
   defining Unicode char U+00FC (decimal 252)
   defining Unicode char U+00FD (decimal 253)
   defining Unicode char U+00FE (decimal 254)
   defining Unicode char U+00FF (decimal 255)
   defining Unicode char U+0100 (decimal 256)
   defining Unicode char U+0101 (decimal 257)
   defining Unicode char U+0102 (decimal 258)
   defining Unicode char U+0103 (decimal 259)
   defining Unicode char U+0104 (decimal 260)
   defining Unicode char U+0105 (decimal 261)
   defining Unicode char U+0106 (decimal 262)
   defining Unicode char U+0107 (decimal 263)
   defining Unicode char U+0108 (decimal 264)
   defining Unicode char U+0109 (decimal 265)
   defining Unicode char U+010A (decimal 266)
   defining Unicode char U+010B (decimal 267)
   defining Unicode char U+010C (decimal 268)
   defining Unicode char U+010D (decimal 269)
   defining Unicode char U+010E (decimal 270)
   defining Unicode char U+010F (decimal 271)
   defining Unicode char U+0110 (decimal 272)
   defining Unicode char U+0111 (decimal 273)
   defining Unicode char U+0112 (decimal 274)
   defining Unicode char U+0113 (decimal 275)
   defining Unicode char U+0114 (decimal 276)
   defining Unicode char U+0115 (decimal 277)
   defining Unicode char U+0116 (decimal 278)
   defining Unicode char U+0117 (decimal 279)
   defining Unicode char U+0118 (decimal 280)
   defining Unicode char U+0119 (decimal 281)
   defining Unicode char U+011A (decimal 282)
   defining Unicode char U+011B (decimal 283)
   defining Unicode char U+011C (decimal 284)
   defining Unicode char U+011D (decimal 285)
   defining Unicode char U+011E (decimal 286)
   defining Unicode char U+011F (decimal 287)
   defining Unicode char U+0120 (decimal 288)
   defining Unicode char U+0121 (decimal 289)
   defining Unicode char U+0122 (decimal 290)
   defining Unicode char U+0123 (decimal 291)
   defining Unicode char U+0124 (decimal 292)
   defining Unicode char U+0125 (decimal 293)
   defining Unicode char U+0128 (decimal 296)
   defining Unicode char U+0129 (decimal 297)
   defining Unicode char U+012A (decimal 298)
   defining Unicode char U+012B (decimal 299)
   defining Unicode char U+012C (decimal 300)
   defining Unicode char U+012D (decimal 301)
   defining Unicode char U+012E (decimal 302)
   defining Unicode char U+012F (decimal 303)
   defining Unicode char U+0130 (decimal 304)
   defining Unicode char U+0131 (decimal 305)
   defining Unicode char U+0132 (decimal 306)
   defining Unicode char U+0133 (decimal 307)
   defining Unicode char U+0134 (decimal 308)
   defining Unicode char U+0135 (decimal 309)
   defining Unicode char U+0136 (decimal 310)
   defining Unicode char U+0137 (decimal 311)
   defining Unicode char U+0139 (decimal 313)
   defining Unicode char U+013A (decimal 314)
   defining Unicode char U+013B (decimal 315)
   defining Unicode char U+013C (decimal 316)
   defining Unicode char U+013D (decimal 317)
   defining Unicode char U+013E (decimal 318)
   defining Unicode char U+0141 (decimal 321)
   defining Unicode char U+0142 (decimal 322)
   defining Unicode char U+0143 (decimal 323)
   defining Unicode char U+0144 (decimal 324)
   defining Unicode char U+0145 (decimal 325)
   defining Unicode char U+0146 (decimal 326)
   defining Unicode char U+0147 (decimal 327)
   defining Unicode char U+0148 (decimal 328)
   defining Unicode char U+014A (decimal 330)
   defining Unicode char U+014B (decimal 331)
   defining Unicode char U+014C (decimal 332)
   defining Unicode char U+014D (decimal 333)
   defining Unicode char U+014E (decimal 334)
   defining Unicode char U+014F (decimal 335)
   defining Unicode char U+0150 (decimal 336)
   defining Unicode char U+0151 (decimal 337)
   defining Unicode char U+0152 (decimal 338)
   defining Unicode char U+0153 (decimal 339)
   defining Unicode char U+0154 (decimal 340)
   defining Unicode char U+0155 (decimal 341)
   defining Unicode char U+0156 (decimal 342)
   defining Unicode char U+0157 (decimal 343)
   defining Unicode char U+0158 (decimal 344)
   defining Unicode char U+0159 (decimal 345)
   defining Unicode char U+015A (decimal 346)
   defining Unicode char U+015B (decimal 347)
   defining Unicode char U+015C (decimal 348)
   defining Unicode char U+015D (decimal 349)
   defining Unicode char U+015E (decimal 350)
   defining Unicode char U+015F (decimal 351)
   defining Unicode char U+0160 (decimal 352)
   defining Unicode char U+0161 (decimal 353)
   defining Unicode char U+0162 (decimal 354)
   defining Unicode char U+0163 (decimal 355)
   defining Unicode char U+0164 (decimal 356)
   defining Unicode char U+0165 (decimal 357)
   defining Unicode char U+0168 (decimal 360)
   defining Unicode char U+0169 (decimal 361)
   defining Unicode char U+016A (decimal 362)
   defining Unicode char U+016B (decimal 363)
   defining Unicode char U+016C (decimal 364)
   defining Unicode char U+016D (decimal 365)
   defining Unicode char U+016E (decimal 366)
   defining Unicode char U+016F (decimal 367)
   defining Unicode char U+0170 (decimal 368)
   defining Unicode char U+0171 (decimal 369)
   defining Unicode char U+0172 (decimal 370)
   defining Unicode char U+0173 (decimal 371)
   defining Unicode char U+0174 (decimal 372)
   defining Unicode char U+0175 (decimal 373)
   defining Unicode char U+0176 (decimal 374)
   defining Unicode char U+0177 (decimal 375)
   defining Unicode char U+0178 (decimal 376)
   defining Unicode char U+0179 (decimal 377)
   defining Unicode char U+017A (decimal 378)
   defining Unicode char U+017B (decimal 379)
   defining Unicode char U+017C (decimal 380)
   defining Unicode char U+017D (decimal 381)
   defining Unicode char U+017E (decimal 382)
   defining Unicode char U+01CD (decimal 461)
   defining Unicode char U+01CE (decimal 462)
   defining Unicode char U+01CF (decimal 463)
   defining Unicode char U+01D0 (decimal 464)
   defining Unicode char U+01D1 (decimal 465)
   defining Unicode char U+01D2 (decimal 466)
   defining Unicode char U+01D3 (decimal 467)
   defining Unicode char U+01D4 (decimal 468)
   defining Unicode char U+01E2 (decimal 482)
   defining Unicode char U+01E3 (decimal 483)
   defining Unicode char U+01E6 (decimal 486)
   defining Unicode char U+01E7 (decimal 487)
   defining Unicode char U+01E8 (decimal 488)
   defining Unicode char U+01E9 (decimal 489)
   defining Unicode char U+01EA (decimal 490)
   defining Unicode char U+01EB (decimal 491)
   defining Unicode char U+01F0 (decimal 496)
   defining Unicode char U+01F4 (decimal 500)
   defining Unicode char U+01F5 (decimal 501)
   defining Unicode char U+0218 (decimal 536)
   defining Unicode char U+0219 (decimal 537)
   defining Unicode char U+021A (decimal 538)
   defining Unicode char U+021B (decimal 539)
   defining Unicode char U+0232 (decimal 562)
   defining Unicode char U+0233 (decimal 563)
   defining Unicode char U+1E02 (decimal 7682)
   defining Unicode char U+1E03 (decimal 7683)
   defining Unicode char U+200C (decimal 8204)
   defining Unicode char U+2010 (decimal 8208)
   defining Unicode char U+2011 (decimal 8209)
   defining Unicode char U+2012 (decimal 8210)
   defining Unicode char U+2013 (decimal 8211)
   defining Unicode char U+2014 (decimal 8212)
   defining Unicode char U+2015 (decimal 8213)
   defining Unicode char U+2018 (decimal 8216)
   defining Unicode char U+2019 (decimal 8217)
   defining Unicode char U+201A (decimal 8218)
   defining Unicode char U+201C (decimal 8220)
   defining Unicode char U+201D (decimal 8221)
   defining Unicode char U+201E (decimal 8222)
   defining Unicode char U+2030 (decimal 8240)
   defining Unicode char U+2031 (decimal 8241)
   defining Unicode char U+2039 (decimal 8249)
   defining Unicode char U+203A (decimal 8250)
   defining Unicode char U+2423 (decimal 9251)
   defining Unicode char U+1E20 (decimal 7712)
   defining Unicode char U+1E21 (decimal 7713)
)
Now handling font encoding OT1 ...
... processing UTF-8 mapping file for font encoding OT1

("C:\Users\Rita\AppData\Local\Programs\MiKTeX 2.9\tex\latex\base\ot1enc.dfu"
File: ot1enc.dfu 2017/01/28 v1.1t UTF-8 support for inputenc
   defining Unicode char U+00A0 (decimal 160)
   defining Unicode char U+00A1 (decimal 161)
   defining Unicode char U+00A3 (decimal 163)
   defining Unicode char U+00AD (decimal 173)
   defining Unicode char U+00B8 (decimal 184)
   defining Unicode char U+00BF (decimal 191)
   defining Unicode char U+00C5 (decimal 197)
   defining Unicode char U+00C6 (decimal 198)
   defining Unicode char U+00D8 (decimal 216)
   defining Unicode char U+00DF (decimal 223)
   defining Unicode char U+00E6 (decimal 230)
   defining Unicode char U+00EC (decimal 236)
   defining Unicode char U+00ED (decimal 237)
   defining Unicode char U+00EE (decimal 238)
   defining Unicode char U+00EF (decimal 239)
   defining Unicode char U+00F8 (decimal 248)
   defining Unicode char U+0131 (decimal 305)
   defining Unicode char U+0141 (decimal 321)
   defining Unicode char U+0142 (decimal 322)
   defining Unicode char U+0152 (decimal 338)
   defining Unicode char U+0153 (decimal 339)
   defining Unicode char U+0174 (decimal 372)
   defining Unicode char U+0175 (decimal 373)
   defining Unicode char U+0176 (decimal 374)
   defining Unicode char U+0177 (decimal 375)
   defining Unicode char U+0218 (decimal 536)
   defining Unicode char U+0219 (decimal 537)
   defining Unicode char U+021A (decimal 538)
   defining Unicode char U+021B (decimal 539)
   defining Unicode char U+2013 (decimal 8211)
   defining Unicode char U+2014 (decimal 8212)
   defining Unicode char U+2018 (decimal 8216)
   defining Unicode char U+2019 (decimal 8217)
   defining Unicode char U+201C (decimal 8220)
   defining Unicode char U+201D (decimal 8221)
)
Now handling font encoding OMS ...
... processing UTF-8 mapping file for font encoding OMS

("C:\Users\Rita\AppData\Local\Programs\MiKTeX 2.9\tex\latex\base\omsenc.dfu"
File: omsenc.dfu 2017/01/28 v1.1t UTF-8 support for inputenc
   defining Unicode char U+00A7 (decimal 167)
   defining Unicode char U+00B6 (decimal 182)
   defining Unicode char U+00B7 (decimal 183)
   defining Unicode char U+2020 (decimal 8224)
   defining Unicode char U+2021 (decimal 8225)
   defining Unicode char U+2022 (decimal 8226)
)
Now handling font encoding OMX ...
... no UTF-8 mapping file for font encoding OMX
Now handling font encoding U ...
... no UTF-8 mapping file for font encoding U
   defining Unicode char U+00A9 (decimal 169)
   defining Unicode char U+00AA (decimal 170)
   defining Unicode char U+00AE (decimal 174)
   defining Unicode char U+00BA (decimal 186)
   defining Unicode char U+02C6 (decimal 710)
   defining Unicode char U+02DC (decimal 732)
   defining Unicode char U+200C (decimal 8204)
   defining Unicode char U+2026 (decimal 8230)
   defining Unicode char U+2122 (decimal 8482)
   defining Unicode char U+2423 (decimal 9251)
)) ("C:\Users\Rita\AppData\Local\Programs\MiKTeX 2.9\tex\generic\babel\babel.st
y"
Package: babel 2018/01/24 3.17 The Babel package
("C:\Users\Rita\AppData\Local\Programs\MiKTeX 2.9\tex\generic\babel\switch.def"
File: switch.def 2018/01/24 3.17 Babel switching mechanism
)
*************************************
* Local config file bblopts.cfg used
*
("C:\Users\Rita\AppData\Local\Programs\MiKTeX 2.9\tex\latex\arabi\bblopts.cfg"
File: bblopts.cfg 2005/09/08 v0.1 add Arabic and Farsi to "declared" options of
 babel
)
("C:\Users\Rita\AppData\Local\Programs\MiKTeX 2.9\tex\latex\babel-portuges\port
uges.ldf"
Language: portuges 2008/03/18 v1.2q Portuguese support from the babel system

("C:\Users\Rita\AppData\Local\Programs\MiKTeX 2.9\tex\generic\babel\babel.def"
File: babel.def 2018/01/24 3.17 Babel common definitions

("C:\Users\Rita\AppData\Local\Programs\MiKTeX 2.9\tex\generic\babel\switch.def"
File: switch.def 2018/01/24 3.17 Babel switching mechanism
)
\babel@savecnt=\count88
\U@D=\dimen103

("C:\Users\Rita\AppData\Local\Programs\MiKTeX 2.9\tex\generic\babel\txtbabel.de
f")
\bbl@dirlevel=\count89
)
Package babel Info: Making " an active character on input line 145.
))
("C:\Users\Rita\AppData\Local\Programs\MiKTeX 2.9\tex\latex\graphics\graphicx.s
ty"
Package: graphicx 2017/06/01 v1.1a Enhanced LaTeX Graphics (DPC,SPQR)

("C:\Users\Rita\AppData\Local\Programs\MiKTeX 2.9\tex\latex\graphics\keyval.sty
"
Package: keyval 2014/10/28 v1.15 key=value parser (DPC)
\KV@toks@=\toks16
)
("C:\Users\Rita\AppData\Local\Programs\MiKTeX 2.9\tex\latex\graphics\graphics.s
ty"
Package: graphics 2017/06/25 v1.2c Standard LaTeX Graphics (DPC,SPQR)

("C:\Users\Rita\AppData\Local\Programs\MiKTeX 2.9\tex\latex\graphics\trig.sty"
Package: trig 2016/01/03 v1.10 sin cos tan (DPC)
)
("C:\Users\Rita\AppData\Local\Programs\MiKTeX 2.9\tex\latex\graphics-cfg\graphi
cs.cfg"
File: graphics.cfg 2016/06/04 v1.11 sample graphics configuration
)
Package graphics Info: Driver file: pdftex.def on input line 99.

("C:\Users\Rita\AppData\Local\Programs\MiKTeX 2.9\tex\latex\graphics-def\pdftex
.def"
File: pdftex.def 2018/01/08 v1.0l Graphics/color driver for pdftex
))
\Gin@req@height=\dimen104
\Gin@req@width=\dimen105
) ("C:\Users\Rita\AppData\Local\Programs\MiKTeX 2.9\tex\latex\url\url.sty"
\Urlmuskip=\muskip10
Package: url 2013/09/16  ver 3.4  Verb mode for urls, etc.
)
("C:\Users\Rita\AppData\Local\Programs\MiKTeX 2.9\tex\latex\algorithms\algorith
m.sty"
Package: algorithm 2009/08/24 v0.1 Document Style `algorithm' - floating enviro
nment

("C:\Users\Rita\AppData\Local\Programs\MiKTeX 2.9\tex\latex\float\float.sty"
Package: float 2001/11/08 v1.3d Float enhancements (AL)
\c@float@type=\count90
\float@exts=\toks17
\float@box=\box26
\@float@everytoks=\toks18
\@floatcapt=\box27
)
("C:\Users\Rita\AppData\Local\Programs\MiKTeX 2.9\tex\latex\base\ifthen.sty"
Package: ifthen 2014/09/29 v1.1c Standard LaTeX ifthen package (DPC)
)
\@float@every@algorithm=\toks19
\c@algorithm=\count91
)
("C:\Users\Rita\AppData\Local\Programs\MiKTeX 2.9\tex\latex\algorithmicx\algori
thmicx.sty"
Package: algorithmicx 2005/04/27 v1.2 Algorithmicx

Document Style algorithmicx 1.2 - a greatly improved `algorithmic' style
\c@ALG@line=\count92
\c@ALG@rem=\count93
\c@ALG@nested=\count94
\ALG@tlm=\skip43
\ALG@thistlm=\skip44
\c@ALG@Lnr=\count95
\c@ALG@blocknr=\count96
\c@ALG@storecount=\count97
\c@ALG@tmpcounter=\count98
\ALG@tmplength=\skip45
)
("C:\Users\Rita\AppData\Local\Programs\MiKTeX 2.9\tex\latex\algorithmicx\algpse
udocode.sty"
Package: algpseudocode 

Document Style - pseudocode environments for use with the `algorithmicx' style
)
("C:\Users\Rita\AppData\Local\Programs\MiKTeX 2.9\tex\latex\tools\indentfirst.s
ty"
Package: indentfirst 1995/11/23 v1.03 Indent first paragraph (DPC)
)
("C:\Users\Rita\AppData\Local\Programs\MiKTeX 2.9\tex\latex\glossaries\base\glo
ssaries.sty"
Package: glossaries 2018/04/07 v4.37 (NLCT)

("C:\Users\Rita\AppData\Local\Programs\MiKTeX 2.9\tex\latex\xkeyval\xkeyval.sty
"
Package: xkeyval 2014/12/03 v2.7a package option processing (HA)

("C:\Users\Rita\AppData\Local\Programs\MiKTeX 2.9\tex\generic\xkeyval\xkeyval.t
ex"
("C:\Users\Rita\AppData\Local\Programs\MiKTeX 2.9\tex\generic\xkeyval\xkvutils.
tex"
\XKV@toks=\toks20
\XKV@tempa@toks=\toks21
)
\XKV@depth=\count99
File: xkeyval.tex 2014/12/03 v2.7a key=value parser (HA)
))
("C:\Users\Rita\AppData\Local\Programs\MiKTeX 2.9\tex\latex\mfirstuc\mfirstuc.s
ty"
Package: mfirstuc 2017/11/14 v2.06 (NLCT)

("C:\Users\Rita\AppData\Local\Programs\MiKTeX 2.9\tex\latex\etoolbox\etoolbox.s
ty"
Package: etoolbox 2018/02/11 v2.5e e-TeX tools for LaTeX (JAW)
\etb@tempcnta=\count100
)
\@glsmfirst=\toks22
\@glsmrest=\toks23
)
("C:\Users\Rita\AppData\Local\Programs\MiKTeX 2.9\tex\latex\textcase\textcase.s
ty"
Package: textcase 2004/10/07 v0.07 Text only upper/lower case changing (DPC)
) ("C:\Users\Rita\AppData\Local\Programs\MiKTeX 2.9\tex\latex\xfor\xfor.sty"
Package: xfor 2009/02/05 v1.05 (NLCT)
)
("C:\Users\Rita\AppData\Local\Programs\MiKTeX 2.9\tex\latex\datatool\datatool-b
ase.sty"
Package: datatool-base 2017/11/12 v2.29 (NLCT)

("C:\Users\Rita\AppData\Local\Programs\MiKTeX 2.9\tex\latex\amsmath\amsmath.sty
"
Package: amsmath 2017/09/02 v2.17a AMS math features
\@mathmargin=\skip46

For additional information on amsmath, use the `?' option.
("C:\Users\Rita\AppData\Local\Programs\MiKTeX 2.9\tex\latex\amsmath\amstext.sty
"
Package: amstext 2000/06/29 v2.01 AMS text
 ("C:\Users\Rita\AppData\Local\Programs\MiKTeX 2.9\tex\latex\amsmath\amsgen.sty
"
File: amsgen.sty 1999/11/30 v2.0 generic functions
\@emptytoks=\toks24
\ex@=\dimen106
))
("C:\Users\Rita\AppData\Local\Programs\MiKTeX 2.9\tex\latex\amsmath\amsbsy.sty"
Package: amsbsy 1999/11/29 v1.2d Bold Symbols
\pmbraise@=\dimen107
) ("C:\Users\Rita\AppData\Local\Programs\MiKTeX 2.9\tex\latex\amsmath\amsopn.st
y"
Package: amsopn 2016/03/08 v2.02 operator names
)
\inf@bad=\count101
LaTeX Info: Redefining \frac on input line 213.
\uproot@=\count102
\leftroot@=\count103
LaTeX Info: Redefining \overline on input line 375.
\classnum@=\count104
\DOTSCASE@=\count105
LaTeX Info: Redefining \ldots on input line 472.
LaTeX Info: Redefining \dots on input line 475.
LaTeX Info: Redefining \cdots on input line 596.
\Mathstrutbox@=\box28
\strutbox@=\box29
\big@size=\dimen108
LaTeX Font Info:    Redeclaring font encoding OML on input line 712.
LaTeX Font Info:    Redeclaring font encoding OMS on input line 713.
\macc@depth=\count106
\c@MaxMatrixCols=\count107
\dotsspace@=\muskip11
\c@parentequation=\count108
\dspbrk@lvl=\count109
\tag@help=\toks25
\row@=\count110
\column@=\count111
\maxfields@=\count112
\andhelp@=\toks26
\eqnshift@=\dimen109
\alignsep@=\dimen110
\tagshift@=\dimen111
\tagwidth@=\dimen112
\totwidth@=\dimen113
\lineht@=\dimen114
\@envbody=\toks27
\multlinegap=\skip47
\multlinetaggap=\skip48
\mathdisplay@stack=\toks28
LaTeX Info: Redefining \[ on input line 2817.
LaTeX Info: Redefining \] on input line 2818.
)
("C:\Users\Rita\AppData\Local\Programs\MiKTeX 2.9\tex\latex\substr\substr.sty"
Package: substr 2009/10/20 v1.2 Handle substrings
\c@su@anzahl=\count113
)
("C:\Users\Rita\AppData\Local\Programs\MiKTeX 2.9\tex\latex\datatool\datatool-f
p.sty"
Package: datatool-fp 2017/11/12 v2.29 (NLCT)
 ("C:\Users\Rita\AppData\Local\Programs\MiKTeX 2.9\tex\latex\fp\fp.sty"
Package: fp 1995/04/02

`Fixed Point Package', Version 0.8, April 2, 1995 (C) Michael Mehlich
("C:\Users\Rita\AppData\Local\Programs\MiKTeX 2.9\tex\latex\fp\defpattern.sty"
Package: defpattern 1994/10/12
\actioncount=\count114
) ("C:\Users\Rita\AppData\Local\Programs\MiKTeX 2.9\tex\latex\fp\fp-basic.sty"
Package: fp-basic 1996/05/13
\FP@xs=\count115
\FP@xia=\count116
\FP@xib=\count117
\FP@xfa=\count118
\FP@xfb=\count119
\FP@rega=\count120
\FP@regb=\count121
\FP@regs=\count122
\FP@times=\count123
)
("C:\Users\Rita\AppData\Local\Programs\MiKTeX 2.9\tex\latex\fp\fp-addons.sty"
Package: fp-addons 1995/03/15
)
("C:\Users\Rita\AppData\Local\Programs\MiKTeX 2.9\tex\latex\fp\fp-snap.sty"
Package: fp-snap 1995/04/05
)
("C:\Users\Rita\AppData\Local\Programs\MiKTeX 2.9\tex\latex\fp\fp-exp.sty"
Package: fp-exp 1995/04/03
)
("C:\Users\Rita\AppData\Local\Programs\MiKTeX 2.9\tex\latex\fp\fp-trigo.sty"
Package: fp-trigo 1995/04/14
)
("C:\Users\Rita\AppData\Local\Programs\MiKTeX 2.9\tex\latex\fp\fp-pas.sty"
Package: fp-pas 1994/08/29
)
("C:\Users\Rita\AppData\Local\Programs\MiKTeX 2.9\tex\latex\fp\fp-random.sty"
Package: fp-random 1995/02/23
\FPseed=\count124
)
("C:\Users\Rita\AppData\Local\Programs\MiKTeX 2.9\tex\latex\fp\fp-eqn.sty"
Package: fp-eqn 1995/04/03
)
("C:\Users\Rita\AppData\Local\Programs\MiKTeX 2.9\tex\latex\fp\fp-upn.sty"
Package: fp-upn 1996/10/21
)
("C:\Users\Rita\AppData\Local\Programs\MiKTeX 2.9\tex\latex\fp\fp-eval.sty"
Package: fp-eval 1995/04/03
)))
\@dtl@toks=\toks29
\@dtl@tmpcount=\count125
\dtl@tmplength=\skip49
\dtl@sortresult=\count126
\@dtl@numgrpsepcount=\count127
\@dtl@datatype=\count128
\dtl@codeA=\count129
\dtl@codeB=\count130
\@dtl@foreach@level=\count131
)
("C:\Users\Rita\AppData\Local\Programs\MiKTeX 2.9\tex\latex\glossaries\base\glo
ssaries-compatible-307.sty"
Package: glossaries-compatible-307 2018/04/07 v4.37 (NLCT)
)
("C:\Users\Rita\AppData\Local\Programs\MiKTeX 2.9\tex\latex\tracklang\tracklang
.sty"
Package: tracklang 2018/02/21 v1.3.5 (NLCT) Track Languages

("C:\Users\Rita\AppData\Local\Programs\MiKTeX 2.9\tex\generic\tracklang\trackla
ng.tex"))
("C:\Users\Rita\AppData\Local\Programs\MiKTeX 2.9\tex\latex\translator\translat
or.sty"
Package: translator 2018/01/04 v1.12 Easy translation of strings in LaTeX
)
("C:\Users\Rita\AppData\Local\Programs\MiKTeX 2.9\tex\latex\glossaries-portuges
\glossaries-portuges.ldf"
File: glossaries-portuges.ldf 2014/11/23 v1.0

("C:\Users\Rita\AppData\Local\Programs\MiKTeX 2.9\tex\latex\glossaries-portuges
\glossaries-portuges-utf8.ldf"))
\gls@level=\count132
\@gls@tmpb=\toks30
\gls@tmplen=\skip50
\glskeylisttok=\toks31
\glslabeltok=\toks32
\glsshorttok=\toks33
\glslongtok=\toks34

("C:\Users\Rita\AppData\Local\Programs\MiKTeX 2.9\tex\latex\glossaries\styles\g
lossary-hypernav.sty"
Package: glossary-hypernav 2018/04/07 v4.37 (NLCT)
)
("C:\Users\Rita\AppData\Local\Programs\MiKTeX 2.9\tex\latex\glossaries\styles\g
lossary-list.sty"
Package: glossary-list 2018/04/07 v4.37 (NLCT)
\glslistdottedwidth=\skip51
)
("C:\Users\Rita\AppData\Local\Programs\MiKTeX 2.9\tex\latex\glossaries\styles\g
lossary-long.sty"
Package: glossary-long 2018/04/07 v4.37 (NLCT)

("C:\Users\Rita\AppData\Local\Programs\MiKTeX 2.9\tex\latex\tools\longtable.sty
"
Package: longtable 2014/10/28 v4.11 Multi-page Table package (DPC)
\LTleft=\skip52
\LTright=\skip53
\LTpre=\skip54
\LTpost=\skip55
\LTchunksize=\count133
\LTcapwidth=\dimen115
\LT@head=\box30
\LT@firsthead=\box31
\LT@foot=\box32
\LT@lastfoot=\box33
\LT@cols=\count134
\LT@rows=\count135
\c@LT@tables=\count136
\c@LT@chunks=\count137
\LT@p@ftn=\toks35
)
\glsdescwidth=\skip56
\glspagelistwidth=\skip57
)
("C:\Users\Rita\AppData\Local\Programs\MiKTeX 2.9\tex\latex\glossaries\styles\g
lossary-super.sty"
Package: glossary-super 2018/04/07 v4.37 (NLCT)

("C:\Users\Rita\AppData\Local\Programs\MiKTeX 2.9\tex\latex\supertabular\supert
abular.sty"
Package: supertabular 2004/02/20 v4.1e the supertabular environment
\c@tracingst=\count138
\ST@wd=\dimen116
\ST@rightskip=\skip58
\ST@leftskip=\skip59
\ST@parfillskip=\skip60
\ST@pageleft=\dimen117
\ST@headht=\dimen118
\ST@tailht=\dimen119
\ST@pagesofar=\dimen120
\ST@pboxht=\dimen121
\ST@lineht=\dimen122
\ST@stretchht=\dimen123
\ST@prevht=\dimen124
\ST@toadd=\dimen125
\ST@dimen=\dimen126
\ST@pbox=\box34
))
("C:\Users\Rita\AppData\Local\Programs\MiKTeX 2.9\tex\latex\glossaries\styles\g
lossary-tree.sty"
Package: glossary-tree 2018/04/07 v4.37 (NLCT)
\glstreeindent=\skip61
))
("C:\Users\Rita\AppData\Local\Programs\MiKTeX 2.9\tex\latex\pdfpages\pdfpages.s
ty"
Package: pdfpages 2017/10/31 v0.5l Insert pages of external PDF documents (AM)
 ("C:\Users\Rita\AppData\Local\Programs\MiKTeX 2.9\tex\latex\tools\calc.sty"
Package: calc 2014/10/28 v4.3 Infix arithmetic (KKT,FJ)
\calc@Acount=\count139
\calc@Bcount=\count140
\calc@Adimen=\dimen127
\calc@Bdimen=\dimen128
\calc@Askip=\skip62
\calc@Bskip=\skip63
LaTeX Info: Redefining \setlength on input line 80.
LaTeX Info: Redefining \addtolength on input line 81.
\calc@Ccount=\count141
\calc@Cskip=\skip64
)
("C:\Users\Rita\AppData\Local\Programs\MiKTeX 2.9\tex\latex\eso-pic\eso-pic.sty
"
Package: eso-pic 2015/07/21 v2.0g eso-pic (RN)

("C:\Users\Rita\AppData\Local\Programs\MiKTeX 2.9\tex\generic\oberdiek\atbegshi
.sty"
Package: atbegshi 2016/06/09 v1.18 At begin shipout hook (HO)

("C:\Users\Rita\AppData\Local\Programs\MiKTeX 2.9\tex\generic\oberdiek\infwarer
r.sty"
Package: infwarerr 2016/05/16 v1.4 Providing info/warning/error messages (HO)
)
("C:\Users\Rita\AppData\Local\Programs\MiKTeX 2.9\tex\generic\oberdiek\ltxcmds.
sty"
Package: ltxcmds 2016/05/16 v1.23 LaTeX kernel commands for general use (HO)
)
("C:\Users\Rita\AppData\Local\Programs\MiKTeX 2.9\tex\generic\oberdiek\ifpdf.st
y"
Package: ifpdf 2017/03/15 v3.2 Provides the ifpdf switch
))
("C:\Users\Rita\AppData\Local\Programs\MiKTeX 2.9\tex\latex\xcolor\xcolor.sty"
Package: xcolor 2016/05/11 v2.12 LaTeX color extensions (UK)

("C:\Users\Rita\AppData\Local\Programs\MiKTeX 2.9\tex\latex\graphics-cfg\color.
cfg"
File: color.cfg 2016/01/02 v1.6 sample color configuration
)
Package xcolor Info: Driver file: pdftex.def on input line 225.
Package xcolor Info: Model `cmy' substituted by `cmy0' on input line 1348.
Package xcolor Info: Model `hsb' substituted by `rgb' on input line 1352.
Package xcolor Info: Model `RGB' extended on input line 1364.
Package xcolor Info: Model `HTML' substituted by `rgb' on input line 1366.
Package xcolor Info: Model `Hsb' substituted by `hsb' on input line 1367.
Package xcolor Info: Model `tHsb' substituted by `hsb' on input line 1368.
Package xcolor Info: Model `HSB' substituted by `hsb' on input line 1369.
Package xcolor Info: Model `Gray' substituted by `gray' on input line 1370.
Package xcolor Info: Model `wave' substituted by `hsb' on input line 1371.
))
\AM@pagewidth=\dimen129
\AM@pageheight=\dimen130

("C:\Users\Rita\AppData\Local\Programs\MiKTeX 2.9\tex\latex\pdfpages\pppdftex.d
ef"
File: pppdftex.def 2017/10/31 v0.5l Pdfpages driver for pdfTeX (AM)
)
\AM@pagebox=\box35
\AM@global@opts=\toks36
\AM@toc@title=\toks37
\c@AM@survey=\count142
\AM@templatesizebox=\box36
)
("C:\Users\Rita\AppData\Local\Programs\MiKTeX 2.9\tex\latex\oberdiek\pdflscape.
sty"
Package: pdflscape 2016/05/14 v0.11 Display of landscape pages in PDF (HO)

("C:\Users\Rita\AppData\Local\Programs\MiKTeX 2.9\tex\latex\graphics\lscape.sty
"
Package: lscape 2000/10/22 v3.01 Landscape Pages (DPC)
)
Package pdflscape Info: Auto-detected driver: pdftex on input line 81.

("C:\Users\Rita\AppData\Local\Programs\MiKTeX 2.9\tex\generic\ifxetex\ifxetex.s
ty"
Package: ifxetex 2010/09/12 v0.6 Provides ifxetex conditional
)) ("C:\Users\Rita\AppData\Local\Programs\MiKTeX 2.9\tex\latex\ulem\ulem.sty"
\UL@box=\box37
\UL@hyphenbox=\box38
\UL@skip=\skip65
\UL@hook=\toks38
\UL@height=\dimen131
\UL@pe=\count143
\UL@pixel=\dimen132
\ULC@box=\box39
Package: ulem 2012/05/18
\ULdepth=\dimen133
)
("C:\Users\Rita\AppData\Local\Programs\MiKTeX 2.9\tex\latex\tools\tabularx.sty"
Package: tabularx 2016/02/03 v2.11 `tabularx' package (DPC)
("C:\Users\Rita\AppData\Local\Programs\MiKTeX 2.9\tex\latex\tools\array.sty"
Package: array 2016/10/06 v2.4d Tabular extension package (FMi)
\col@sep=\dimen134
\extrarowheight=\dimen135
\NC@list=\toks39
\extratabsurround=\skip66
\backup@length=\skip67
)
\TX@col@width=\dimen136
\TX@old@table=\dimen137
\TX@old@col=\dimen138
\TX@target=\dimen139
\TX@delta=\dimen140
\TX@cols=\count144
\TX@ftn=\toks40
)
("C:\Users\Rita\AppData\Local\Programs\MiKTeX 2.9\tex\latex\multirow\multirow.s
ty"
Package: multirow 2016/11/25 v2.2 Span multiple rows of a table
\multirow@colwidth=\skip68
\multirow@cntb=\count145
\multirow@dima=\skip69
\bigstrutjot=\dimen141
)
("C:\Users\Rita\AppData\Local\Programs\MiKTeX 2.9\tex\latex\placeins\placeins.s
ty"
Package: placeins 2005/04/18  v 2.2
)
\glswrite=\write3
\glo@main@file=\write4
\openout4 = `"Relatorio Beta.glo"'.

Package glossaries Info: Writing glossary file "Relatorio Beta".glo on input li
ne 56.
\glo@acronym@file=\write5
\openout5 = `"Relatorio Beta.acn"'.

Package glossaries Info: Writing glossary file "Relatorio Beta".acn on input li
ne 56.

\@input{abreviaturas.aux}
\openout2 = `abreviaturas.aux'.

(abreviaturas.tex)
\@input{terminologia.aux}
\openout2 = `terminologia.aux'.

(terminologia.tex) ("Relatorio Beta.aux" (resumo.aux) (abstract.aux)
(capitulo1.aux) (capitulo2.aux) (capitulo3.aux) (capitulo4.aux) (anexo1.aux))
\openout1 = `"Relatorio Beta.aux"'.

LaTeX Font Info:    Checking defaults for OML/cmm/m/it on input line 102.
LaTeX Font Info:    ... okay on input line 102.
LaTeX Font Info:    Checking defaults for T1/cmr/m/n on input line 102.
LaTeX Font Info:    ... okay on input line 102.
LaTeX Font Info:    Checking defaults for OT1/cmr/m/n on input line 102.
LaTeX Font Info:    ... okay on input line 102.
LaTeX Font Info:    Checking defaults for OMS/cmsy/m/n on input line 102.
LaTeX Font Info:    ... okay on input line 102.
LaTeX Font Info:    Checking defaults for OMX/cmex/m/n on input line 102.
LaTeX Font Info:    ... okay on input line 102.
LaTeX Font Info:    Checking defaults for U/cmr/m/n on input line 102.
LaTeX Font Info:    ... okay on input line 102.

("C:\Users\Rita\AppData\Local\Programs\MiKTeX 2.9\tex\context\base\supp-pdf.mki
i"
[Loading MPS to PDF converter (version 2006.09.02).]
\scratchcounter=\count146
\scratchdimen=\dimen142
\scratchbox=\box40
\nofMPsegments=\count147
\nofMParguments=\count148
\everyMPshowfont=\toks41
\MPscratchCnt=\count149
\MPscratchDim=\dimen143
\MPnumerator=\count150
\makeMPintoPDFobject=\count151
\everyMPtoPDFconversion=\toks42
)
("C:\Users\Rita\AppData\Local\Programs\MiKTeX 2.9\tex\latex\oberdiek\epstopdf-b
ase.sty"
Package: epstopdf-base 2016/05/15 v2.6 Base part for package epstopdf

("C:\Users\Rita\AppData\Local\Programs\MiKTeX 2.9\tex\latex\oberdiek\grfext.sty
"
Package: grfext 2016/05/16 v1.2 Manage graphics extensions (HO)

("C:\Users\Rita\AppData\Local\Programs\MiKTeX 2.9\tex\generic\oberdiek\kvdefine
keys.sty"
Package: kvdefinekeys 2016/05/16 v1.4 Define keys (HO)
))
("C:\Users\Rita\AppData\Local\Programs\MiKTeX 2.9\tex\latex\oberdiek\kvoptions.
sty"
Package: kvoptions 2016/05/16 v3.12 Key value format for package options (HO)

("C:\Users\Rita\AppData\Local\Programs\MiKTeX 2.9\tex\generic\oberdiek\kvsetkey
s.sty"
Package: kvsetkeys 2016/05/16 v1.17 Key value parser (HO)

("C:\Users\Rita\AppData\Local\Programs\MiKTeX 2.9\tex\generic\oberdiek\etexcmds
.sty"
Package: etexcmds 2016/05/16 v1.6 Avoid name clashes with e-TeX commands (HO)

("C:\Users\Rita\AppData\Local\Programs\MiKTeX 2.9\tex\generic\oberdiek\ifluatex
.sty"
Package: ifluatex 2016/05/16 v1.4 Provides the ifluatex switch (HO)
Package ifluatex Info: LuaTeX not detected.
)
Package etexcmds Info: Could not find \expanded.
(etexcmds)             That can mean that you are not using pdfTeX 1.50 or
(etexcmds)             that some package has redefined \expanded.
(etexcmds)             In the latter case, load this package earlier.
)))
("C:\Users\Rita\AppData\Local\Programs\MiKTeX 2.9\tex\generic\oberdiek\pdftexcm
ds.sty"
Package: pdftexcmds 2018/01/21 v0.26 Utility functions of pdfTeX for LuaTeX (HO
)
Package pdftexcmds Info: LuaTeX not detected.
Package pdftexcmds Info: \pdf@primitive is available.
Package pdftexcmds Info: \pdf@ifprimitive is available.
Package pdftexcmds Info: \pdfdraftmode found.
)
Package epstopdf-base Info: Redefining graphics rule for `.eps' on input line 4
38.
Package grfext Info: Graphics extension search list:
(grfext)             [.pdf,.png,.jpg,.mps,.jpeg,.jbig2,.jb2,.PDF,.PNG,.JPG,.JPE
G,.JBIG2,.JB2,.eps]
(grfext)             \AppendGraphicsExtensions on input line 456.
)
\AtBeginShipoutBox=\box41
<./figures/logo_ISEL_principal_PNG.png, id=1, 426.59375pt x 301.125pt>
File: ./figures/logo_ISEL_principal_PNG.png Graphic file (type png)
<use ./figures/logo_ISEL_principal_PNG.png>
Package pdftex.def Info: ./figures/logo_ISEL_principal_PNG.png  used on input l
ine 106.
(pdftex.def)             Requested size: 426.5927pt x 301.12425pt.

Underfull \hbox (badness 10000) in paragraph at lines 106--106

 []


Overfull \hbox (14.22636pt too wide) in paragraph at lines 106--106
 []$ 
 []

[1

\openout3 = `"Relatorio Beta.ist"'.



\newlabel{abreviaturas}{{}{i}}


\newlabel{terminologia}{{}{i}}

{C:/Users/Rita/AppData/Local/MiKTeX/2.9/pdftex/config/pdftex.map} <./figures/lo
go_ISEL_principal_PNG.png>] [2] [1

]
\openout2 = `resumo.aux'.

 (resumo.tex [2


]) [3

]
\openout2 = `abstract.aux'.

 (abstract.tex [4



]
Underfull \hbox (badness 10000) in paragraph at lines 5--6

 []

) [5

] [6


] ("Relatorio Beta.lof")
\tf@lof=\write6
\openout6 = `"Relatorio Beta.lof"'.

 [7] [8

] ("Relatorio Beta.lot")
\tf@lot=\write7
\openout7 = `"Relatorio Beta.lot"'.

 [9

] [10

]
("Relatorio Beta.toc")
\tf@toc=\write8
\openout8 = `"Relatorio Beta.toc"'.

 [11


] [12

]
\openout2 = `capitulo1.aux'.

 (capitulo1.tex
Cap\'{\i }tulo 1.
[1


]
LaTeX Font Info:    Try loading font information for OMS+cmr on input line 35.
 ("C:\Users\Rita\AppData\Local\Programs\MiKTeX 2.9\tex\latex\base\omscmr.fd"
File: omscmr.fd 2014/09/29 v2.5h Standard LaTeX font definitions
)
LaTeX Font Info:    Font shape `OMS/cmr/m/n' in size <10.95> not available
(Font)              Font shape `OMS/cmsy/m/n' tried instead on input line 35.
 [2]) [3]
\openout2 = `capitulo2.aux'.

 (capitulo2.tex [4



]
Cap\'{\i }tulo 2.
[5] [6]) [7]
\openout2 = `capitulo3.aux'.

 (capitulo3.tex [8



]
Cap\'{\i }tulo 3.
<./figures/architecture.png, id=79, 477.28313pt x 243.15843pt>
File: ./figures/architecture.png Graphic file (type png)
<use ./figures/architecture.png>
Package pdftex.def Info: ./figures/architecture.png  used on input line 10.
(pdftex.def)             Requested size: 477.28195pt x 243.15784pt.

Overfull \hbox (14.22664pt too wide) in paragraph at lines 10--11
 [][] 
 []

[9 <./figures/architecture.png>]
<./figures/project_structures.png, id=85, 347.49825pt x 246.9225pt>
File: ./figures/project_structures.png Graphic file (type png)
<use ./figures/project_structures.png>
Package pdftex.def Info: ./figures/project_structures.png  used on input line 2
9.
(pdftex.def)             Requested size: 347.49738pt x 246.92188pt.
<./figures/project_structures_caption.png, id=86, 390.258pt x 252.945pt>
File: ./figures/project_structures_caption.png Graphic file (type png)
<use ./figures/project_structures_caption.png>
Package pdftex.def Info: ./figures/project_structures_caption.png  used on inpu
t line 36.
(pdftex.def)             Requested size: 390.25703pt x 252.94438pt.
 [10 <./figures/project_structures.png>]
Underfull \hbox (badness 10000) in paragraph at lines 39--40

 []

<./figures/project_architecture.png, id=90, 369.7815pt x 423.984pt>
File: ./figures/project_architecture.png Graphic file (type png)
<use ./figures/project_architecture.png>
Package pdftex.def Info: ./figures/project_architecture.png  used on input line
 50.
(pdftex.def)             Requested size: 369.78058pt x 423.98294pt.
[11 <./figures/project_structures_caption.png>] [12 <./figures/project_architec
ture.png>]) [13]
\openout2 = `capitulo4.aux'.

 (capitulo4.tex [14



]
Cap\'{\i }tulo 4.
<./files/Planeamento.pdf, id=104, 582.11276pt x 923.31651pt>
File: ./files/Planeamento.pdf Graphic file (type pdf)
<use ./files/Planeamento.pdf>
Package pdftex.def Info: ./files/Planeamento.pdf  used on input line 20.
(pdftex.def)             Requested size: 582.11134pt x 923.31425pt.

Overfull \hbox (52.26312pt too wide) in paragraph at lines 19--21
[]  [] 
 []

[15] [16 <./files/Planeamento.pdf>]) [17] ("Relatorio Beta.bbl" [18


]
Underfull \hbox (badness 4096) in paragraph at lines 25--31
[]\OT1/cmr/m/n/10.95 Business Dic-ti-o-nary.  What is stan-dard stock item? de-
fi-ni-tion and me-a-
 []


Underfull \hbox (badness 3312) in paragraph at lines 40--46
[]\OT1/cmr/m/n/10.95 Thad Scheer.  Ca-te-gory, seg-ment, and brand { what's the
 dif-fe-rence? {
 []


Underfull \hbox (badness 8189) in paragraph at lines 40--46
\OT1/cmr/m/n/10.95 sphere of in-flu-ence : Analy-tics stu-dio.  $\OT1/cmtt/m/n/
10.95 https : / / sphereoi . com / studios /
 []


Underfull \hbox (badness 5548) in paragraph at lines 40--46
\OT1/cmtt/m/n/10.95 category-[]segment-[]and-[]brand-[]whats-[]the-[]difference
/$\OT1/cmr/m/n/10.95 .  [On-line; Ac-ces-sed on
 []

) [19]
\openout2 = `anexo1.aux'.

 (anexo1.tex [20


]
Anexo A.
\c@ExampleCounter=\count152

Overfull \hbox (14.09998pt too wide) in paragraph at lines 20--26
[] 
 []

[21]
Overfull \hbox (14.09998pt too wide) in paragraph at lines 52--65
[] 
 []

) [22]

Package glossaries Warning: No \printglossary or \printglossaries found. 
(Remove \makeglossaries if you don't want any glossaries.) 
This document will not have a glossary.

("Relatorio Beta.aux" (resumo.aux) (abstract.aux) (capitulo1.aux)
(capitulo2.aux) (capitulo3.aux) (capitulo4.aux) (anexo1.aux)) ) 
Here is how much of TeX's memory you used:
 11911 strings out of 493303
 199818 string characters out of 3130219
 314315 words of memory out of 3000000
 15122 multiletter control sequences out of 15000+200000
 14989 words of font info for 49 fonts, out of 3000000 for 9000
 1141 hyphenation exceptions out of 8191
 45i,13n,39p,2012b,352s stack positions out of 5000i,500n,10000p,200000b,50000s
<C:/Users/Rita/A
ppData/Local/Programs/MiKTeX 2.9/fonts/type1/public/amsfonts/cm/cmbx10.pfb><C:/
Users/Rita/AppData/Local/Programs/MiKTeX 2.9/fonts/type1/public/amsfonts/cm/cmb
x12.pfb><C:/Users/Rita/AppData/Local/Programs/MiKTeX 2.9/fonts/type1/public/ams
fonts/cm/cmbxti10.pfb><C:/Users/Rita/AppData/Local/Programs/MiKTeX 2.9/fonts/ty
pe1/public/amsfonts/cm/cmr10.pfb><C:/Users/Rita/AppData/Local/Programs/MiKTeX 2
.9/fonts/type1/public/amsfonts/cm/cmr12.pfb><C:/Users/Rita/AppData/Local/Progra
ms/MiKTeX 2.9/fonts/type1/public/amsfonts/cm/cmr9.pfb><C:/Users/Rita/AppData/Lo
cal/Programs/MiKTeX 2.9/fonts/type1/public/amsfonts/cm/cmsy10.pfb><C:/Users/Rit
a/AppData/Local/Programs/MiKTeX 2.9/fonts/type1/public/amsfonts/cm/cmti10.pfb><
C:/Users/Rita/AppData/Local/Programs/MiKTeX 2.9/fonts/type1/public/amsfonts/cm/
cmtt10.pfb><C:/Users/Rita/AppData/Local/Programs/MiKTeX 2.9/fonts/type1/urw/hel
vetic/uhvb8ac.pfb><C:/Users/Rita/AppData/Local/Programs/MiKTeX 2.9/fonts/type1/
urw/helvetic/uhvbo8ac.pfb><C:/Users/Rita/AppData/Local/Programs/MiKTeX 2.9/font
s/type1/urw/helvetic/uhvr8ac.pfb><C:/Users/Rita/AppData/Local/Programs/MiKTeX 2
.9/fonts/type1/urw/helvetic/uhvro8ac.pfb>
Output written on "Relatorio Beta.pdf" (36 pages, 358556 bytes).
PDF statistics:
 187 PDF objects out of 1000 (max. 8388607)
 0 named destinations out of 1000 (max. 500000)
 31 words of extra memory for PDF output out of 10000 (max. 10000000)

